Start testing: Sep 19 15:25 GMT Summer Time
----------------------------------------------------------
1/8 Testing: Memory Initialisation
1/8 Test: Memory Initialisation
Command: "C:/Users/Fluxy/Documents/Code/6502Emulator/build/Debug/tests.exe" "Memory Initialisation"
Directory: C:/Users/Fluxy/Documents/Code/6502Emulator/build
"Memory Initialisation" start time: Sep 19 15:25 GMT Summer Time
Output:
----------------------------------------------------------
Filters: "Memory Initialisation"
Randomness seeded to: 905695619
===============================================================================
All tests passed (65536 assertions in 1 test case)

<end of output>
Test time =   0.03 sec
----------------------------------------------------------
Test Passed.
"Memory Initialisation" end time: Sep 19 15:25 GMT Summer Time
"Memory Initialisation" time elapsed: 00:00:00
----------------------------------------------------------

2/8 Testing: CPU Register Reset
2/8 Test: CPU Register Reset
Command: "C:/Users/Fluxy/Documents/Code/6502Emulator/build/Debug/tests.exe" "CPU Register Reset"
Directory: C:/Users/Fluxy/Documents/Code/6502Emulator/build
"CPU Register Reset" start time: Sep 19 15:25 GMT Summer Time
Output:
----------------------------------------------------------
Filters: "CPU Register Reset"
Randomness seeded to: 854546427
===============================================================================
All tests passed (3 assertions in 1 test case)

<end of output>
Test time =   0.01 sec
----------------------------------------------------------
Test Passed.
"CPU Register Reset" end time: Sep 19 15:25 GMT Summer Time
"CPU Register Reset" time elapsed: 00:00:00
----------------------------------------------------------

3/8 Testing: LDA_IM Load value into ACC Immediate
3/8 Test: LDA_IM Load value into ACC Immediate
Command: "C:/Users/Fluxy/Documents/Code/6502Emulator/build/Debug/tests.exe" "LDA_IM Load value into ACC Immediate"
Directory: C:/Users/Fluxy/Documents/Code/6502Emulator/build
"LDA_IM Load value into ACC Immediate" start time: Sep 19 15:25 GMT Summer Time
Output:
----------------------------------------------------------
Filters: "LDA_IM Load value into ACC Immediate"
Randomness seeded to: 3395047655
===============================================================================
All tests passed (3 assertions in 1 test case)

<end of output>
Test time =   0.01 sec
----------------------------------------------------------
Test Passed.
"LDA_IM Load value into ACC Immediate" end time: Sep 19 15:25 GMT Summer Time
"LDA_IM Load value into ACC Immediate" time elapsed: 00:00:00
----------------------------------------------------------

4/8 Testing: LDA_ZP can Load Value into Acc
4/8 Test: LDA_ZP can Load Value into Acc
Command: "C:/Users/Fluxy/Documents/Code/6502Emulator/build/Debug/tests.exe" "LDA_ZP can Load Value into Acc"
Directory: C:/Users/Fluxy/Documents/Code/6502Emulator/build
"LDA_ZP can Load Value into Acc" start time: Sep 19 15:25 GMT Summer Time
Output:
----------------------------------------------------------
Filters: "LDA_ZP can Load Value into Acc"
Randomness seeded to: 3683106025
===============================================================================
All tests passed (3 assertions in 1 test case)

<end of output>
Test time =   0.01 sec
----------------------------------------------------------
Test Passed.
"LDA_ZP can Load Value into Acc" end time: Sep 19 15:25 GMT Summer Time
"LDA_ZP can Load Value into Acc" time elapsed: 00:00:00
----------------------------------------------------------

5/8 Testing: LDA_ZP_X can Load Value into Acc with offset X
5/8 Test: LDA_ZP_X can Load Value into Acc with offset X
Command: "C:/Users/Fluxy/Documents/Code/6502Emulator/build/Debug/tests.exe" "LDA_ZP_X can Load Value into Acc with offset X"
Directory: C:/Users/Fluxy/Documents/Code/6502Emulator/build
"LDA_ZP_X can Load Value into Acc with offset X" start time: Sep 19 15:25 GMT Summer Time
Output:
----------------------------------------------------------
Filters: "LDA_ZP_X can Load Value into Acc with offset X"
Randomness seeded to: 1615219321
===============================================================================
All tests passed (3 assertions in 1 test case)

<end of output>
Test time =   0.01 sec
----------------------------------------------------------
Test Passed.
"LDA_ZP_X can Load Value into Acc with offset X" end time: Sep 19 15:25 GMT Summer Time
"LDA_ZP_X can Load Value into Acc with offset X" time elapsed: 00:00:00
----------------------------------------------------------

6/8 Testing: LDA_ABS can Load 
6/8 Test: LDA_ABS can Load 
Command: "C:/Users/Fluxy/Documents/Code/6502Emulator/build/Debug/tests.exe" "LDA_ABS can Load "
Directory: C:/Users/Fluxy/Documents/Code/6502Emulator/build
"LDA_ABS can Load " start time: Sep 19 15:25 GMT Summer Time
Output:
----------------------------------------------------------
Filters: "LDA_ABS can Load"
Randomness seeded to: 115755985
===============================================================================
All tests passed (3 assertions in 1 test case)

<end of output>
Test time =   0.01 sec
----------------------------------------------------------
Test Passed.
"LDA_ABS can Load " end time: Sep 19 15:25 GMT Summer Time
"LDA_ABS can Load " time elapsed: 00:00:00
----------------------------------------------------------

7/8 Testing: LDA_ABS_X can Load address offset by x
7/8 Test: LDA_ABS_X can Load address offset by x
Command: "C:/Users/Fluxy/Documents/Code/6502Emulator/build/Debug/tests.exe" "LDA_ABS_X can Load address offset by x"
Directory: C:/Users/Fluxy/Documents/Code/6502Emulator/build
"LDA_ABS_X can Load address offset by x" start time: Sep 19 15:25 GMT Summer Time
Output:
----------------------------------------------------------
Filters: "LDA_ABS_X can Load address offset by x"
Randomness seeded to: 3499784154
===============================================================================
All tests passed (4 assertions in 1 test case)

<end of output>
Test time =   0.01 sec
----------------------------------------------------------
Test Passed.
"LDA_ABS_X can Load address offset by x" end time: Sep 19 15:25 GMT Summer Time
"LDA_ABS_X can Load address offset by x" time elapsed: 00:00:00
----------------------------------------------------------

8/8 Testing: INS_JMP_ABS can change PC
8/8 Test: INS_JMP_ABS can change PC
Command: "C:/Users/Fluxy/Documents/Code/6502Emulator/build/Debug/tests.exe" "INS_JMP_ABS can change PC"
Directory: C:/Users/Fluxy/Documents/Code/6502Emulator/build
"INS_JMP_ABS can change PC" start time: Sep 19 15:25 GMT Summer Time
Output:
----------------------------------------------------------
Filters: "INS_JMP_ABS can change PC"
Randomness seeded to: 2616925805
===============================================================================
All tests passed (1 assertion in 1 test case)

<end of output>
Test time =   0.01 sec
----------------------------------------------------------
Test Passed.
"INS_JMP_ABS can change PC" end time: Sep 19 15:25 GMT Summer Time
"INS_JMP_ABS can change PC" time elapsed: 00:00:00
----------------------------------------------------------

End testing: Sep 19 15:25 GMT Summer Time
